<?xml version="1.0" encoding="UTF-8"?>
<!-- Generated by org.testng.reporters.JUnitXMLReporter -->
<testsuite hostname="LAPTOP-SH035CQ2" ignored="0" name="Test testNG" tests="3" failures="1" timestamp="15 Dec 2018 09:53:42 GMT" time="17.954" errors="0">
  <testcase name="googleTitleTest" time="0.028" classname="com.testNgPackage.GoogleTest">
    <failure type="java.lang.AssertionError" message="Title Not Matched expected [Google1] but found [Google]">
      <![CDATA[java.lang.AssertionError: Title Not Matched expected [Google1] but found [Google]
at com.testNgPackage.GoogleTest.googleTitleTest(GoogleTest.java:35)
... Removed 30 stack frames]]>
    </failure>
  </testcase> <!-- googleTitleTest -->
  <testcase name="googleLogoTest" time="0.079" classname="com.testNgPackage.GoogleTest"/>
  <testcase name="googleMailLink" time="0.098" classname="com.testNgPackage.GoogleTest"/>
</testsuite> <!-- Test testNG -->
